# JRE version: Java(TM) SE Runtime Environment (23.0+37) (build 23+37-2369)
# Java VM: Java HotSpot(TM) 64-Bit Server VM (23+37-2369, mixed mode, sharing, tiered, compressed oops, compressed class ptrs, g1 gc, windows-amd64)
GC Precious Log:
 CardTable entry size: 512
 Card Set container configuration: InlinePtr #cards 5 size 8 Array Of Cards #cards 10 size 36 Howl #buckets 4 coarsen threshold 1843 Howl Bitmap #cards 512 size 80 coarsen threshold 460 Card regions per heap region 1 cards per card region 2048
 CPUs: 20 total, 20 available
 Memory: 16011M
 Large Page Support: Disabled
 NUMA Support: Disabled
 Compressed Oops: Enabled (32-bit)
 Heap Region Size: 1M
 Heap Min Capacity: 8M
 Heap Initial Capacity: 252M
 Heap Max Capacity: 2G
 Pre-touch: Disabled
 Parallel Workers: 15
 Concurrent Workers: 4
 Concurrent Refinement Workers: 15
 Periodic GC: Disabled
Heap:
 garbage-first heap   total reserved 2097152K, committed 306176K, used 262687K [0x0000000080000000, 0x0000000100000000)
  region size 1024K, 80 young (81920K), 9 survivors (9216K)
 Metaspace       used 92532K, committed 94976K, reserved 557056K
  class space    used 13277K, committed 14400K, reserved 425984K
GC Heap History (20 events):
Event: 12.748 GC heap before
{Heap before GC invocations=37 (full 0):
 garbage-first heap   total reserved 2097152K, committed 220160K, used 202660K [0x0000000080000000, 0x0000000100000000)
  region size 1024K, 85 young (87040K), 4 survivors (4096K)
 Metaspace       used 80002K, committed 82240K, reserved 557056K
  class space    used 11519K, committed 12544K, reserved 425984K
}
Event: 12.752 GC heap after
{Heap after GC invocations=38 (full 0):
 garbage-first heap   total reserved 2097152K, committed 220160K, used 126731K [0x0000000080000000, 0x0000000100000000)
  region size 1024K, 11 young (11264K), 11 survivors (11264K)
 Metaspace       used 80002K, committed 82240K, reserved 557056K
  class space    used 11519K, committed 12544K, reserved 425984K
}
Event: 13.404 GC heap before
{Heap before GC invocations=38 (full 0):
 garbage-first heap   total reserved 2097152K, committed 220160K, used 198411K [0x0000000080000000, 0x0000000100000000)
  region size 1024K, 79 young (80896K), 11 survivors (11264K)
 Metaspace       used 82350K, committed 84672K, reserved 557056K
  class space    used 11867K, committed 12928K, reserved 425984K
}
Event: 13.412 GC heap after
{Heap after GC invocations=39 (full 0):
 garbage-first heap   total reserved 2097152K, committed 220160K, used 133543K [0x0000000080000000, 0x0000000100000000)
  region size 1024K, 7 young (7168K), 7 survivors (7168K)
 Metaspace       used 82350K, committed 84672K, reserved 557056K
  class space    used 11867K, committed 12928K, reserved 425984K
}
Event: 13.878 GC heap before
{Heap before GC invocations=39 (full 0):
 garbage-first heap   total reserved 2097152K, committed 220160K, used 200103K [0x0000000080000000, 0x0000000100000000)
  region size 1024K, 72 young (73728K), 7 survivors (7168K)
 Metaspace       used 86653K, committed 89088K, reserved 557056K
  class space    used 12478K, committed 13632K, reserved 425984K
}
Event: 13.884 GC heap after
{Heap after GC invocations=40 (full 0):
 garbage-first heap   total reserved 2097152K, committed 220160K, used 137561K [0x0000000080000000, 0x0000000100000000)
  region size 1024K, 4 young (4096K), 4 survivors (4096K)
 Metaspace       used 86653K, committed 89088K, reserved 557056K
  class space    used 12478K, committed 13632K, reserved 425984K
}
Event: 14.285 GC heap before
{Heap before GC invocations=41 (full 0):
 garbage-first heap   total reserved 2097152K, committed 230400K, used 203097K [0x0000000080000000, 0x0000000100000000)
  region size 1024K, 68 young (69632K), 4 survivors (4096K)
 Metaspace       used 89331K, committed 91712K, reserved 557056K
  class space    used 12845K, committed 13952K, reserved 425984K
}
Event: 14.290 GC heap after
{Heap after GC invocations=42 (full 0):
 garbage-first heap   total reserved 2097152K, committed 230400K, used 145408K [0x0000000080000000, 0x0000000100000000)
  region size 1024K, 9 young (9216K), 9 survivors (9216K)
 Metaspace       used 89331K, committed 91712K, reserved 557056K
  class space    used 12845K, committed 13952K, reserved 425984K
}
Event: 15.205 GC heap before
{Heap before GC invocations=42 (full 0):
 garbage-first heap   total reserved 2097152K, committed 230400K, used 208896K [0x0000000080000000, 0x0000000100000000)
  region size 1024K, 71 young (72704K), 9 survivors (9216K)
 Metaspace       used 90662K, committed 93056K, reserved 557056K
  class space    used 13043K, committed 14144K, reserved 425984K
}
Event: 15.215 GC heap after
{Heap after GC invocations=43 (full 0):
 garbage-first heap   total reserved 2097152K, committed 231424K, used 155397K [0x0000000080000000, 0x0000000100000000)
  region size 1024K, 9 young (9216K), 9 survivors (9216K)
 Metaspace       used 90662K, committed 93056K, reserved 557056K
  class space    used 13043K, committed 14144K, reserved 425984K
}
Event: 15.469 GC heap before
{Heap before GC invocations=43 (full 0):
 garbage-first heap   total reserved 2097152K, committed 231424K, used 209669K [0x0000000080000000, 0x0000000100000000)
  region size 1024K, 62 young (63488K), 9 survivors (9216K)
 Metaspace       used 90768K, committed 93184K, reserved 557056K
  class space    used 13044K, committed 14144K, reserved 425984K
}
Event: 15.475 GC heap after
{Heap after GC invocations=44 (full 0):
 garbage-first heap   total reserved 2097152K, committed 231424K, used 161495K [0x0000000080000000, 0x0000000100000000)
  region size 1024K, 6 young (6144K), 6 survivors (6144K)
 Metaspace       used 90768K, committed 93184K, reserved 557056K
  class space    used 13044K, committed 14144K, reserved 425984K
}
Event: 15.684 GC heap before
{Heap before GC invocations=45 (full 0):
 garbage-first heap   total reserved 2097152K, committed 271360K, used 209623K [0x0000000080000000, 0x0000000100000000)
  region size 1024K, 53 young (54272K), 6 survivors (6144K)
 Metaspace       used 90827K, committed 93184K, reserved 557056K
  class space    used 13046K, committed 14144K, reserved 425984K
}
Event: 15.690 GC heap after
{Heap after GC invocations=46 (full 0):
 garbage-first heap   total reserved 2097152K, committed 271360K, used 166771K [0x0000000080000000, 0x0000000100000000)
  region size 1024K, 5 young (5120K), 5 survivors (5120K)
 Metaspace       used 90827K, committed 93184K, reserved 557056K
  class space    used 13046K, committed 14144K, reserved 425984K
}
Event: 15.986 GC heap before
{Heap before GC invocations=46 (full 0):
 garbage-first heap   total reserved 2097152K, committed 271360K, used 242547K [0x0000000080000000, 0x0000000100000000)
  region size 1024K, 80 young (81920K), 5 survivors (5120K)
 Metaspace       used 90895K, committed 93248K, reserved 557056K
  class space    used 13047K, committed 14144K, reserved 425984K
}
Event: 15.992 GC heap after
{Heap after GC invocations=47 (full 0):
 garbage-first heap   total reserved 2097152K, committed 271360K, used 172180K [0x0000000080000000, 0x0000000100000000)
  region size 1024K, 10 young (10240K), 10 survivors (10240K)
 Metaspace       used 90895K, committed 93248K, reserved 557056K
  class space    used 13047K, committed 14144K, reserved 425984K
}
Event: 16.490 GC heap before
{Heap before GC invocations=47 (full 0):
 garbage-first heap   total reserved 2097152K, committed 271360K, used 245908K [0x0000000080000000, 0x0000000100000000)
  region size 1024K, 82 young (83968K), 10 survivors (10240K)
 Metaspace       used 92154K, committed 94592K, reserved 557056K
  class space    used 13260K, committed 14400K, reserved 425984K
}
Event: 16.497 GC heap after
{Heap after GC invocations=48 (full 0):
 garbage-first heap   total reserved 2097152K, committed 271360K, used 183779K [0x0000000080000000, 0x0000000100000000)
  region size 1024K, 11 young (11264K), 11 survivors (11264K)
 Metaspace       used 92154K, committed 94592K, reserved 557056K
  class space    used 13260K, committed 14400K, reserved 425984K
}
Event: 24.438 GC heap before
{Heap before GC invocations=49 (full 0):
 garbage-first heap   total reserved 2097152K, committed 306176K, used 241123K [0x0000000080000000, 0x0000000100000000)
  region size 1024K, 69 young (70656K), 11 survivors (11264K)
 Metaspace       used 92378K, committed 94784K, reserved 557056K
  class space    used 13270K, committed 14400K, reserved 425984K
}
Event: 24.447 GC heap after
{Heap after GC invocations=50 (full 0):
 garbage-first heap   total reserved 2097152K, committed 306176K, used 192031K [0x0000000080000000, 0x0000000100000000)
  region size 1024K, 9 young (9216K), 9 survivors (9216K)
 Metaspace       used 92378K, committed 94784K, reserved 557056K
  class space    used 13270K, committed 14400K, reserved 425984K
}

